[2019-03-09 19:00:56.483] [exthost] [info] extension host started
[2019-03-09 19:00:56.565] [exthost] [info] ExtensionService#_doActivateExtension vscode.debug-auto-launch {"startup":true,"activationEvent":"*"}
[2019-03-09 19:00:56.565] [exthost] [info] ExtensionService#loadCommonJSModule /usr/lib/code-oss/resources/app/extensions/debug-auto-launch/dist/extension
[2019-03-09 19:00:56.576] [exthost] [info] ExtensionService#_doActivateExtension vscode.emmet {"startup":true,"activationEvent":"*"}
[2019-03-09 19:00:56.576] [exthost] [info] ExtensionService#loadCommonJSModule /usr/lib/code-oss/resources/app/extensions/emmet/dist/extension
[2019-03-09 19:00:56.619] [exthost] [info] ExtensionService#_doActivateExtension vscode.git {"startup":true,"activationEvent":"*"}
[2019-03-09 19:00:56.619] [exthost] [info] ExtensionService#loadCommonJSModule /usr/lib/code-oss/resources/app/extensions/git/dist/main
[2019-03-09 19:00:56.791] [exthost] [info] ExtensionService#_doActivateExtension vscode.merge-conflict {"startup":true,"activationEvent":"*"}
[2019-03-09 19:00:56.792] [exthost] [info] ExtensionService#loadCommonJSModule /usr/lib/code-oss/resources/app/extensions/merge-conflict/dist/extension
[2019-03-09 19:00:56.807] [exthost] [info] ExtensionService#_doActivateExtension vscodevim.vim {"startup":true,"activationEvent":"*"}
[2019-03-09 19:00:56.807] [exthost] [info] ExtensionService#loadCommonJSModule /home/gonz/.vscode-oss/extensions/vscodevim.vim-1.1.0/out/extension
[2019-03-09 19:00:57.550] [exthost] [info] ExtensionService#_doActivateExtension batisteo.vscode-django {"startup":false,"activationEvent":"onLanguage:django-html"}
[2019-03-09 19:00:57.550] [exthost] [info] ExtensionService#loadCommonJSModule /home/gonz/.vscode-oss/extensions/batisteo.vscode-django-0.19.0/out/extension
[2019-03-09 19:00:57.570] [exthost] [info] eager extensions activated
[2019-03-09 19:00:58.011] [exthost] [info] ExtensionService#_doActivateExtension vscode.configuration-editing {"startup":false,"activationEvent":"onLanguage:jsonc"}
[2019-03-09 19:00:58.011] [exthost] [info] ExtensionService#loadCommonJSModule /usr/lib/code-oss/resources/app/extensions/configuration-editing/dist/extension
[2019-03-09 19:00:58.023] [exthost] [info] ExtensionService#_doActivateExtension vscode.json-language-features {"startup":false,"activationEvent":"onLanguage:jsonc"}
[2019-03-09 19:00:58.023] [exthost] [info] ExtensionService#loadCommonJSModule /usr/lib/code-oss/resources/app/extensions/json-language-features/client/dist/jsonMain
[2019-03-09 19:00:58.118] [exthost] [info] ExtensionService#_doActivateExtension vscode.typescript-language-features {"startup":false,"activationEvent":"onLanguage:jsonc"}
[2019-03-09 19:00:58.118] [exthost] [info] ExtensionService#loadCommonJSModule /usr/lib/code-oss/resources/app/extensions/typescript-language-features/dist/extension
[2019-03-10 19:39:10.585] [exthost] [info] ExtensionService#_doActivateExtension vscode.css-language-features {"startup":false,"activationEvent":"onLanguage:scss"}
[2019-03-10 19:39:10.585] [exthost] [info] ExtensionService#loadCommonJSModule /usr/lib/code-oss/resources/app/extensions/css-language-features/client/dist/cssMain
[2019-03-10 19:39:11.177] [exthost] [info] ExtensionService#_doActivateExtension mrmlnc.vscode-scss {"startup":false,"activationEvent":"onLanguage:scss"}
[2019-03-10 19:39:11.177] [exthost] [info] ExtensionService#loadCommonJSModule /home/gonz/.vscode-oss/extensions/mrmlnc.vscode-scss-0.6.2/out/client.js
[2019-03-10 20:00:34.006] [exthost] [info] extension host started
[2019-03-10 20:00:34.111] [exthost] [info] ExtensionService#_doActivateExtension vscode.debug-auto-launch {"startup":true,"activationEvent":"*"}
[2019-03-10 20:00:34.112] [exthost] [info] ExtensionService#loadCommonJSModule /usr/lib/code-oss/resources/app/extensions/debug-auto-launch/dist/extension
[2019-03-10 20:00:34.120] [exthost] [info] ExtensionService#_doActivateExtension vscode.emmet {"startup":true,"activationEvent":"*"}
[2019-03-10 20:00:34.120] [exthost] [info] ExtensionService#loadCommonJSModule /usr/lib/code-oss/resources/app/extensions/emmet/dist/extension
[2019-03-10 20:00:34.158] [exthost] [info] ExtensionService#_doActivateExtension vscode.git {"startup":true,"activationEvent":"*"}
[2019-03-10 20:00:34.158] [exthost] [info] ExtensionService#loadCommonJSModule /usr/lib/code-oss/resources/app/extensions/git/dist/main
[2019-03-10 20:00:34.369] [exthost] [info] ExtensionService#_doActivateExtension vscode.merge-conflict {"startup":true,"activationEvent":"*"}
[2019-03-10 20:00:34.369] [exthost] [info] ExtensionService#loadCommonJSModule /usr/lib/code-oss/resources/app/extensions/merge-conflict/dist/extension
[2019-03-10 20:00:34.384] [exthost] [info] ExtensionService#_doActivateExtension vscodevim.vim {"startup":true,"activationEvent":"*"}
[2019-03-10 20:00:34.384] [exthost] [info] ExtensionService#loadCommonJSModule /home/gonz/.vscode-oss/extensions/vscodevim.vim-1.1.0/out/extension
[2019-03-10 20:00:35.216] [exthost] [info] ExtensionService#_doActivateExtension vscode.html-language-features {"startup":false,"activationEvent":"onLanguage:html"}
[2019-03-10 20:00:35.216] [exthost] [info] ExtensionService#loadCommonJSModule /usr/lib/code-oss/resources/app/extensions/html-language-features/client/dist/htmlMain
[2019-03-10 20:00:35.317] [exthost] [info] eager extensions activated
[2019-03-10 20:00:35.586] [exthost] [info] ExtensionService#_doActivateExtension vscode.configuration-editing {"startup":false,"activationEvent":"onLanguage:jsonc"}
[2019-03-10 20:00:35.586] [exthost] [info] ExtensionService#loadCommonJSModule /usr/lib/code-oss/resources/app/extensions/configuration-editing/dist/extension
[2019-03-10 20:00:35.619] [exthost] [info] ExtensionService#_doActivateExtension vscode.json-language-features {"startup":false,"activationEvent":"onLanguage:jsonc"}
[2019-03-10 20:00:35.619] [exthost] [info] ExtensionService#loadCommonJSModule /usr/lib/code-oss/resources/app/extensions/json-language-features/client/dist/jsonMain
[2019-03-10 20:00:35.746] [exthost] [info] ExtensionService#_doActivateExtension vscode.typescript-language-features {"startup":false,"activationEvent":"onLanguage:jsonc"}
[2019-03-10 20:00:35.746] [exthost] [info] ExtensionService#loadCommonJSModule /usr/lib/code-oss/resources/app/extensions/typescript-language-features/dist/extension
[2019-03-11 10:19:08.831] [exthost] [info] ExtensionService#_doActivateExtension vscode.css-language-features {"startup":false,"activationEvent":"onLanguage:scss"}
[2019-03-11 10:19:08.832] [exthost] [info] ExtensionService#loadCommonJSModule /usr/lib/code-oss/resources/app/extensions/css-language-features/client/dist/cssMain
[2019-03-11 10:19:09.524] [exthost] [info] ExtensionService#_doActivateExtension mrmlnc.vscode-scss {"startup":false,"activationEvent":"onLanguage:scss"}
[2019-03-11 10:19:09.524] [exthost] [info] ExtensionService#loadCommonJSModule /home/gonz/.vscode-oss/extensions/mrmlnc.vscode-scss-0.6.2/out/client.js
