[2019-03-11 16:35:59.864] [renderer1] [info] no standard startup: not just one text editor
[2019-03-11 16:36:54.104] [renderer1] [info] no standard startup: not a new window
[2019-03-11 16:39:38.713] [renderer1] [error] Cannot read property 'toString' of undefined: TypeError: Cannot read property 'toString' of undefined
	at Object.l [as isValidLocationForEmmetAbbreviation] (/usr/lib/code-oss/resources/app/extensions/emmet/dist/extension.js:1:31307)
	at t.DefaultCompletionItemProvider.provideCompletionItemsInternal (/usr/lib/code-oss/resources/app/extensions/emmet/dist/extension.js:1:46624)
	at t.DefaultCompletionItemProvider.provideCompletionItems (/usr/lib/code-oss/resources/app/extensions/emmet/dist/extension.js:1:45028)
	at /usr/lib/code-oss/resources/app/out/vs/workbench/services/extensions/node/extensionHostProcess.js:546:852
	at t.asPromise (/usr/lib/code-oss/resources/app/out/vs/workbench/services/extensions/node/extensionHostProcess.js:50:385)
	at new Promise (<anonymous>)
	at Object.t.asPromise (/usr/lib/code-oss/resources/app/out/vs/workbench/services/extensions/node/extensionHostProcess.js:50:353)
	at e.provideCompletionItems (/usr/lib/code-oss/resources/app/out/vs/workbench/services/extensions/node/extensionHostProcess.js:546:812)
	at /usr/lib/code-oss/resources/app/out/vs/workbench/services/extensions/node/extensionHostProcess.js:560:950
	at e._withAdapter (/usr/lib/code-oss/resources/app/out/vs/workbench/services/extensions/node/extensionHostProcess.js:553:292)
	at e.$provideCompletionItems (/usr/lib/code-oss/resources/app/out/vs/workbench/services/extensions/node/extensionHostProcess.js:560:912)
	at t._doInvokeHandler (/usr/lib/code-oss/resources/app/out/vs/workbench/services/extensions/node/extensionHostProcess.js:644:118)
	at t._invokeHandler (/usr/lib/code-oss/resources/app/out/vs/workbench/services/extensions/node/extensionHostProcess.js:643:744)
	at t._receiveRequest (/usr/lib/code-oss/resources/app/out/vs/workbench/services/extensions/node/extensionHostProcess.js:642:256)
	at t._receiveOneMessage (/usr/lib/code-oss/resources/app/out/vs/workbench/services/extensions/node/extensionHostProcess.js:641:155)
	at /usr/lib/code-oss/resources/app/out/vs/workbench/services/extensions/node/extensionHostProcess.js:638:960
	at /usr/lib/code-oss/resources/app/out/vs/workbench/services/extensions/node/extensionHostProcess.js:38:994
	at e.fire (/usr/lib/code-oss/resources/app/out/vs/workbench/services/extensions/node/extensionHostProcess.js:44:113)
	at a (/usr/lib/code-oss/resources/app/out/vs/workbench/services/extensions/node/extensionHostProcess.js:170:213)
	at Socket.f._socketDataListener (/usr/lib/code-oss/resources/app/out/vs/workbench/services/extensions/node/extensionHostProcess.js:170:434)
	at Socket.emit (events.js:182:13)
	at addChunk (_stream_readable.js:279:12)
	at readableAddChunk (_stream_readable.js:264:11)
	at Socket.Readable.push (_stream_readable.js:219:10)
	at Pipe.onread (net.js:636:20)
