[2019-03-12 11:17:52.647] [renderer1] [info] no standard startup: not using cached data
[2019-03-12 11:18:59.570] [renderer1] [error] Tree element not found: [object Object]: Error: Tree element not found: [object Object]
    at e.getElementLocation (file:///usr/lib/code-oss/resources/app/out/vs/workbench/workbench.main.js:99:985)
    at e.getNode (file:///usr/lib/code-oss/resources/app/out/vs/workbench/workbench.main.js:99:628)
    at file:///usr/lib/code-oss/resources/app/out/vs/workbench/workbench.main.js:1018:286
    at Array.map (<anonymous>)
    at i.e.setSelection (file:///usr/lib/code-oss/resources/app/out/vs/workbench/workbench.main.js:1018:255)
    at t.onFocus (file:///usr/lib/code-oss/resources/app/out/vs/workbench/workbench.main.js:2410:277)
    at file:///usr/lib/code-oss/resources/app/out/vs/workbench/workbench.main.js:2410:105
    at file:///usr/lib/code-oss/resources/app/out/vs/workbench/workbench.main.js:83:730
    at file:///usr/lib/code-oss/resources/app/out/vs/workbench/workbench.main.js:83:899
    at Array.forEach (<anonymous>)
    at e.bufferEvents (file:///usr/lib/code-oss/resources/app/out/vs/workbench/workbench.main.js:83:872)
    at file:///usr/lib/code-oss/resources/app/out/vs/workbench/workbench.main.js:1012:251
    at e.fire (file:///usr/lib/code-oss/resources/app/out/vs/workbench/workbench.main.js:81:312)
    at e.splice (file:///usr/lib/code-oss/resources/app/out/vs/workbench/workbench.main.js:90:602)
    at e.setChildren (file:///usr/lib/code-oss/resources/app/out/vs/workbench/workbench.main.js:97:769)
    at i.t.setChildren (file:///usr/lib/code-oss/resources/app/out/vs/workbench/workbench.main.js:1024:345)
    at file:///usr/lib/code-oss/resources/app/out/vs/workbench/workbench.main.js:5690:476
    at Array.forEach (<anonymous>)
    at t.refreshTree (file:///usr/lib/code-oss/resources/app/out/vs/workbench/workbench.main.js:5690:322)
    at t.refreshAndUpdateCount (file:///usr/lib/code-oss/resources/app/out/vs/workbench/workbench.main.js:5690:105)
    at t.onSearchResultsChanged (file:///usr/lib/code-oss/resources/app/out/vs/workbench/workbench.main.js:5689:743)
    at file:///usr/lib/code-oss/resources/app/out/vs/workbench/workbench.main.js:5685:766
    at e.fire (file:///usr/lib/code-oss/resources/app/out/vs/workbench/workbench.main.js:81:312)
    at file:///usr/lib/code-oss/resources/app/out/vs/workbench/workbench.main.js:4246:341
    at e.fire (file:///usr/lib/code-oss/resources/app/out/vs/workbench/workbench.main.js:81:312)
    at t.onFileChange (file:///usr/lib/code-oss/resources/app/out/vs/workbench/workbench.main.js:4243:450)
    at file:///usr/lib/code-oss/resources/app/out/vs/workbench/workbench.main.js:4242:379
    at e.fire (file:///usr/lib/code-oss/resources/app/out/vs/workbench/workbench.main.js:81:312)
    at t.updateMatches (file:///usr/lib/code-oss/resources/app/out/vs/workbench/workbench.main.js:4238:531)
    at t.updatesMatchesForLineAfterReplace (file:///usr/lib/code-oss/resources/app/out/vs/workbench/workbench.main.js:4238:221)
    at file:///usr/lib/code-oss/resources/app/out/vs/workbench/workbench.main.js:4239:300
[2019-03-12 11:19:02.574] [renderer1] [error] Tree element not found: [object Object]: Error: Tree element not found: [object Object]
    at e.getElementLocation (file:///usr/lib/code-oss/resources/app/out/vs/workbench/workbench.main.js:99:985)
    at e.getNode (file:///usr/lib/code-oss/resources/app/out/vs/workbench/workbench.main.js:99:628)
    at file:///usr/lib/code-oss/resources/app/out/vs/workbench/workbench.main.js:1018:286
    at Array.map (<anonymous>)
    at i.e.setSelection (file:///usr/lib/code-oss/resources/app/out/vs/workbench/workbench.main.js:1018:255)
    at t.onFocus (file:///usr/lib/code-oss/resources/app/out/vs/workbench/workbench.main.js:2410:277)
    at file:///usr/lib/code-oss/resources/app/out/vs/workbench/workbench.main.js:2410:105
    at file:///usr/lib/code-oss/resources/app/out/vs/workbench/workbench.main.js:83:730
    at file:///usr/lib/code-oss/resources/app/out/vs/workbench/workbench.main.js:83:899
    at Array.forEach (<anonymous>)
    at e.bufferEvents (file:///usr/lib/code-oss/resources/app/out/vs/workbench/workbench.main.js:83:872)
    at file:///usr/lib/code-oss/resources/app/out/vs/workbench/workbench.main.js:1012:251
    at e.fire (file:///usr/lib/code-oss/resources/app/out/vs/workbench/workbench.main.js:81:312)
    at e.splice (file:///usr/lib/code-oss/resources/app/out/vs/workbench/workbench.main.js:90:602)
    at e.setChildren (file:///usr/lib/code-oss/resources/app/out/vs/workbench/workbench.main.js:97:769)
    at i.t.setChildren (file:///usr/lib/code-oss/resources/app/out/vs/workbench/workbench.main.js:1024:345)
    at file:///usr/lib/code-oss/resources/app/out/vs/workbench/workbench.main.js:5690:476
    at Array.forEach (<anonymous>)
    at t.refreshTree (file:///usr/lib/code-oss/resources/app/out/vs/workbench/workbench.main.js:5690:322)
    at t.refreshAndUpdateCount (file:///usr/lib/code-oss/resources/app/out/vs/workbench/workbench.main.js:5690:105)
    at t.onSearchResultsChanged (file:///usr/lib/code-oss/resources/app/out/vs/workbench/workbench.main.js:5689:743)
    at file:///usr/lib/code-oss/resources/app/out/vs/workbench/workbench.main.js:5685:766
    at e.fire (file:///usr/lib/code-oss/resources/app/out/vs/workbench/workbench.main.js:81:312)
    at file:///usr/lib/code-oss/resources/app/out/vs/workbench/workbench.main.js:4246:341
    at e.fire (file:///usr/lib/code-oss/resources/app/out/vs/workbench/workbench.main.js:81:312)
    at t.onFileChange (file:///usr/lib/code-oss/resources/app/out/vs/workbench/workbench.main.js:4243:450)
    at file:///usr/lib/code-oss/resources/app/out/vs/workbench/workbench.main.js:4242:379
    at e.fire (file:///usr/lib/code-oss/resources/app/out/vs/workbench/workbench.main.js:81:312)
    at t.updateMatches (file:///usr/lib/code-oss/resources/app/out/vs/workbench/workbench.main.js:4238:531)
    at t.updatesMatchesForLineAfterReplace (file:///usr/lib/code-oss/resources/app/out/vs/workbench/workbench.main.js:4238:221)
    at file:///usr/lib/code-oss/resources/app/out/vs/workbench/workbench.main.js:4239:300
[2019-03-12 11:19:05.023] [renderer1] [error] Tree element not found: [object Object]: Error: Tree element not found: [object Object]
    at e.getElementLocation (file:///usr/lib/code-oss/resources/app/out/vs/workbench/workbench.main.js:99:985)
    at e.getNode (file:///usr/lib/code-oss/resources/app/out/vs/workbench/workbench.main.js:99:628)
    at file:///usr/lib/code-oss/resources/app/out/vs/workbench/workbench.main.js:1018:286
    at Array.map (<anonymous>)
    at i.e.setSelection (file:///usr/lib/code-oss/resources/app/out/vs/workbench/workbench.main.js:1018:255)
    at t.onFocus (file:///usr/lib/code-oss/resources/app/out/vs/workbench/workbench.main.js:2410:277)
    at file:///usr/lib/code-oss/resources/app/out/vs/workbench/workbench.main.js:2410:105
    at file:///usr/lib/code-oss/resources/app/out/vs/workbench/workbench.main.js:83:730
    at file:///usr/lib/code-oss/resources/app/out/vs/workbench/workbench.main.js:83:899
    at Array.forEach (<anonymous>)
    at e.bufferEvents (file:///usr/lib/code-oss/resources/app/out/vs/workbench/workbench.main.js:83:872)
    at file:///usr/lib/code-oss/resources/app/out/vs/workbench/workbench.main.js:1012:251
    at e.fire (file:///usr/lib/code-oss/resources/app/out/vs/workbench/workbench.main.js:81:312)
    at e.splice (file:///usr/lib/code-oss/resources/app/out/vs/workbench/workbench.main.js:90:602)
    at e.setChildren (file:///usr/lib/code-oss/resources/app/out/vs/workbench/workbench.main.js:97:769)
    at i.t.setChildren (file:///usr/lib/code-oss/resources/app/out/vs/workbench/workbench.main.js:1024:345)
    at file:///usr/lib/code-oss/resources/app/out/vs/workbench/workbench.main.js:5690:476
    at Array.forEach (<anonymous>)
    at t.refreshTree (file:///usr/lib/code-oss/resources/app/out/vs/workbench/workbench.main.js:5690:322)
    at t.refreshAndUpdateCount (file:///usr/lib/code-oss/resources/app/out/vs/workbench/workbench.main.js:5690:105)
    at t.onSearchResultsChanged (file:///usr/lib/code-oss/resources/app/out/vs/workbench/workbench.main.js:5689:743)
    at file:///usr/lib/code-oss/resources/app/out/vs/workbench/workbench.main.js:5685:766
    at e.fire (file:///usr/lib/code-oss/resources/app/out/vs/workbench/workbench.main.js:81:312)
    at file:///usr/lib/code-oss/resources/app/out/vs/workbench/workbench.main.js:4246:341
    at e.fire (file:///usr/lib/code-oss/resources/app/out/vs/workbench/workbench.main.js:81:312)
    at t.onFileChange (file:///usr/lib/code-oss/resources/app/out/vs/workbench/workbench.main.js:4243:450)
    at file:///usr/lib/code-oss/resources/app/out/vs/workbench/workbench.main.js:4242:379
    at e.fire (file:///usr/lib/code-oss/resources/app/out/vs/workbench/workbench.main.js:81:312)
    at t.updateMatches (file:///usr/lib/code-oss/resources/app/out/vs/workbench/workbench.main.js:4238:531)
    at t.updatesMatchesForLineAfterReplace (file:///usr/lib/code-oss/resources/app/out/vs/workbench/workbench.main.js:4238:221)
    at file:///usr/lib/code-oss/resources/app/out/vs/workbench/workbench.main.js:4239:300
[2019-03-12 11:19:06.953] [renderer1] [error] Tree element not found: [object Object]: Error: Tree element not found: [object Object]
    at e.getElementLocation (file:///usr/lib/code-oss/resources/app/out/vs/workbench/workbench.main.js:99:985)
    at e.getNode (file:///usr/lib/code-oss/resources/app/out/vs/workbench/workbench.main.js:99:628)
    at file:///usr/lib/code-oss/resources/app/out/vs/workbench/workbench.main.js:1018:286
    at Array.map (<anonymous>)
    at i.e.setSelection (file:///usr/lib/code-oss/resources/app/out/vs/workbench/workbench.main.js:1018:255)
    at t.onFocus (file:///usr/lib/code-oss/resources/app/out/vs/workbench/workbench.main.js:2410:277)
    at file:///usr/lib/code-oss/resources/app/out/vs/workbench/workbench.main.js:2410:105
    at file:///usr/lib/code-oss/resources/app/out/vs/workbench/workbench.main.js:83:730
    at file:///usr/lib/code-oss/resources/app/out/vs/workbench/workbench.main.js:83:899
    at Array.forEach (<anonymous>)
    at e.bufferEvents (file:///usr/lib/code-oss/resources/app/out/vs/workbench/workbench.main.js:83:872)
    at file:///usr/lib/code-oss/resources/app/out/vs/workbench/workbench.main.js:1012:251
    at e.fire (file:///usr/lib/code-oss/resources/app/out/vs/workbench/workbench.main.js:81:312)
    at e.splice (file:///usr/lib/code-oss/resources/app/out/vs/workbench/workbench.main.js:90:602)
    at e.setChildren (file:///usr/lib/code-oss/resources/app/out/vs/workbench/workbench.main.js:97:769)
    at i.t.setChildren (file:///usr/lib/code-oss/resources/app/out/vs/workbench/workbench.main.js:1024:345)
    at t.refreshTree (file:///usr/lib/code-oss/resources/app/out/vs/workbench/workbench.main.js:5690:264)
    at file:///usr/lib/code-oss/resources/app/out/vs/workbench/workbench.main.js:5688:779
    at e.fire (file:///usr/lib/code-oss/resources/app/out/vs/workbench/workbench.main.js:81:312)
    at t.updateReplaceActiveState (file:///usr/lib/code-oss/resources/app/out/vs/workbench/workbench.main.js:5313:407)
    at t.setReplaceAllActionState (file:///usr/lib/code-oss/resources/app/out/vs/workbench/workbench.main.js:5313:185)
    at t.refreshAndUpdateCount (file:///usr/lib/code-oss/resources/app/out/vs/workbench/workbench.main.js:5689:867)
    at t.onSearchResultsChanged (file:///usr/lib/code-oss/resources/app/out/vs/workbench/workbench.main.js:5689:743)
    at file:///usr/lib/code-oss/resources/app/out/vs/workbench/workbench.main.js:5685:766
    at e.fire (file:///usr/lib/code-oss/resources/app/out/vs/workbench/workbench.main.js:81:312)
    at file:///usr/lib/code-oss/resources/app/out/vs/workbench/workbench.main.js:4246:341
    at e.fire (file:///usr/lib/code-oss/resources/app/out/vs/workbench/workbench.main.js:81:312)
    at t.onFileChange (file:///usr/lib/code-oss/resources/app/out/vs/workbench/workbench.main.js:4243:450)
    at file:///usr/lib/code-oss/resources/app/out/vs/workbench/workbench.main.js:4242:379
    at e.fire (file:///usr/lib/code-oss/resources/app/out/vs/workbench/workbench.main.js:81:312)
    at t.updateMatches (file:///usr/lib/code-oss/resources/app/out/vs/workbench/workbench.main.js:4238:531)
    at t.updatesMatchesForLineAfterReplace (file:///usr/lib/code-oss/resources/app/out/vs/workbench/workbench.main.js:4238:221)
    at file:///usr/lib/code-oss/resources/app/out/vs/workbench/workbench.main.js:4239:300
[2019-03-12 11:19:26.786] [renderer1] [error] Tree element not found: [object Object]: Error: Tree element not found: [object Object]
    at e.getElementLocation (file:///usr/lib/code-oss/resources/app/out/vs/workbench/workbench.main.js:99:985)
    at e.getNode (file:///usr/lib/code-oss/resources/app/out/vs/workbench/workbench.main.js:99:628)
    at file:///usr/lib/code-oss/resources/app/out/vs/workbench/workbench.main.js:1018:286
    at Array.map (<anonymous>)
    at i.e.setSelection (file:///usr/lib/code-oss/resources/app/out/vs/workbench/workbench.main.js:1018:255)
    at t.onFocus (file:///usr/lib/code-oss/resources/app/out/vs/workbench/workbench.main.js:2410:277)
    at file:///usr/lib/code-oss/resources/app/out/vs/workbench/workbench.main.js:2410:105
    at file:///usr/lib/code-oss/resources/app/out/vs/workbench/workbench.main.js:83:730
    at file:///usr/lib/code-oss/resources/app/out/vs/workbench/workbench.main.js:83:899
    at Array.forEach (<anonymous>)
    at e.bufferEvents (file:///usr/lib/code-oss/resources/app/out/vs/workbench/workbench.main.js:83:872)
    at file:///usr/lib/code-oss/resources/app/out/vs/workbench/workbench.main.js:1012:251
    at e.fire (file:///usr/lib/code-oss/resources/app/out/vs/workbench/workbench.main.js:81:312)
    at e.splice (file:///usr/lib/code-oss/resources/app/out/vs/workbench/workbench.main.js:90:602)
    at e.setChildren (file:///usr/lib/code-oss/resources/app/out/vs/workbench/workbench.main.js:97:769)
    at i.t.setChildren (file:///usr/lib/code-oss/resources/app/out/vs/workbench/workbench.main.js:1024:345)
    at file:///usr/lib/code-oss/resources/app/out/vs/workbench/workbench.main.js:5690:476
    at Array.forEach (<anonymous>)
    at t.refreshTree (file:///usr/lib/code-oss/resources/app/out/vs/workbench/workbench.main.js:5690:322)
    at t.refreshAndUpdateCount (file:///usr/lib/code-oss/resources/app/out/vs/workbench/workbench.main.js:5690:105)
    at t.onSearchResultsChanged (file:///usr/lib/code-oss/resources/app/out/vs/workbench/workbench.main.js:5689:743)
    at file:///usr/lib/code-oss/resources/app/out/vs/workbench/workbench.main.js:5685:766
    at e.fire (file:///usr/lib/code-oss/resources/app/out/vs/workbench/workbench.main.js:81:312)
    at file:///usr/lib/code-oss/resources/app/out/vs/workbench/workbench.main.js:4246:341
    at e.fire (file:///usr/lib/code-oss/resources/app/out/vs/workbench/workbench.main.js:81:312)
    at t.onFileChange (file:///usr/lib/code-oss/resources/app/out/vs/workbench/workbench.main.js:4243:450)
    at file:///usr/lib/code-oss/resources/app/out/vs/workbench/workbench.main.js:4242:379
    at e.fire (file:///usr/lib/code-oss/resources/app/out/vs/workbench/workbench.main.js:81:312)
    at t.updateMatches (file:///usr/lib/code-oss/resources/app/out/vs/workbench/workbench.main.js:4238:531)
    at t.updatesMatchesForLineAfterReplace (file:///usr/lib/code-oss/resources/app/out/vs/workbench/workbench.main.js:4238:221)
    at file:///usr/lib/code-oss/resources/app/out/vs/workbench/workbench.main.js:4239:300
[2019-03-12 11:19:27.697] [renderer1] [error] Tree element not found: [object Object]: Error: Tree element not found: [object Object]
    at e.getElementLocation (file:///usr/lib/code-oss/resources/app/out/vs/workbench/workbench.main.js:99:985)
    at e.getNode (file:///usr/lib/code-oss/resources/app/out/vs/workbench/workbench.main.js:99:628)
    at file:///usr/lib/code-oss/resources/app/out/vs/workbench/workbench.main.js:1018:286
    at Array.map (<anonymous>)
    at i.e.setSelection (file:///usr/lib/code-oss/resources/app/out/vs/workbench/workbench.main.js:1018:255)
    at t.onFocus (file:///usr/lib/code-oss/resources/app/out/vs/workbench/workbench.main.js:2410:277)
    at file:///usr/lib/code-oss/resources/app/out/vs/workbench/workbench.main.js:2410:105
    at file:///usr/lib/code-oss/resources/app/out/vs/workbench/workbench.main.js:83:730
    at file:///usr/lib/code-oss/resources/app/out/vs/workbench/workbench.main.js:83:899
    at Array.forEach (<anonymous>)
    at e.bufferEvents (file:///usr/lib/code-oss/resources/app/out/vs/workbench/workbench.main.js:83:872)
    at file:///usr/lib/code-oss/resources/app/out/vs/workbench/workbench.main.js:1012:251
    at e.fire (file:///usr/lib/code-oss/resources/app/out/vs/workbench/workbench.main.js:81:312)
    at e.splice (file:///usr/lib/code-oss/resources/app/out/vs/workbench/workbench.main.js:90:602)
    at e.setChildren (file:///usr/lib/code-oss/resources/app/out/vs/workbench/workbench.main.js:97:769)
    at i.t.setChildren (file:///usr/lib/code-oss/resources/app/out/vs/workbench/workbench.main.js:1024:345)
    at t.refreshTree (file:///usr/lib/code-oss/resources/app/out/vs/workbench/workbench.main.js:5690:264)
    at file:///usr/lib/code-oss/resources/app/out/vs/workbench/workbench.main.js:5688:779
    at e.fire (file:///usr/lib/code-oss/resources/app/out/vs/workbench/workbench.main.js:81:312)
    at t.updateReplaceActiveState (file:///usr/lib/code-oss/resources/app/out/vs/workbench/workbench.main.js:5313:407)
    at t.setReplaceAllActionState (file:///usr/lib/code-oss/resources/app/out/vs/workbench/workbench.main.js:5313:185)
    at t.refreshAndUpdateCount (file:///usr/lib/code-oss/resources/app/out/vs/workbench/workbench.main.js:5689:867)
    at t.onSearchResultsChanged (file:///usr/lib/code-oss/resources/app/out/vs/workbench/workbench.main.js:5689:743)
    at file:///usr/lib/code-oss/resources/app/out/vs/workbench/workbench.main.js:5685:766
    at e.fire (file:///usr/lib/code-oss/resources/app/out/vs/workbench/workbench.main.js:81:312)
    at file:///usr/lib/code-oss/resources/app/out/vs/workbench/workbench.main.js:4246:341
    at e.fire (file:///usr/lib/code-oss/resources/app/out/vs/workbench/workbench.main.js:81:312)
    at t.onFileChange (file:///usr/lib/code-oss/resources/app/out/vs/workbench/workbench.main.js:4243:450)
    at file:///usr/lib/code-oss/resources/app/out/vs/workbench/workbench.main.js:4242:379
    at e.fire (file:///usr/lib/code-oss/resources/app/out/vs/workbench/workbench.main.js:81:312)
    at t.updateMatches (file:///usr/lib/code-oss/resources/app/out/vs/workbench/workbench.main.js:4238:531)
    at t.updatesMatchesForLineAfterReplace (file:///usr/lib/code-oss/resources/app/out/vs/workbench/workbench.main.js:4238:221)
    at file:///usr/lib/code-oss/resources/app/out/vs/workbench/workbench.main.js:4239:300
[2019-03-12 11:19:34.843] [renderer1] [error] Tree element not found: [object Object]: Error: Tree element not found: [object Object]
    at e.getElementLocation (file:///usr/lib/code-oss/resources/app/out/vs/workbench/workbench.main.js:99:985)
    at e.getNode (file:///usr/lib/code-oss/resources/app/out/vs/workbench/workbench.main.js:99:628)
    at file:///usr/lib/code-oss/resources/app/out/vs/workbench/workbench.main.js:1018:286
    at Array.map (<anonymous>)
    at i.e.setSelection (file:///usr/lib/code-oss/resources/app/out/vs/workbench/workbench.main.js:1018:255)
    at t.onFocus (file:///usr/lib/code-oss/resources/app/out/vs/workbench/workbench.main.js:2410:277)
    at file:///usr/lib/code-oss/resources/app/out/vs/workbench/workbench.main.js:2410:105
    at file:///usr/lib/code-oss/resources/app/out/vs/workbench/workbench.main.js:83:730
    at file:///usr/lib/code-oss/resources/app/out/vs/workbench/workbench.main.js:83:899
    at Array.forEach (<anonymous>)
    at e.bufferEvents (file:///usr/lib/code-oss/resources/app/out/vs/workbench/workbench.main.js:83:872)
    at file:///usr/lib/code-oss/resources/app/out/vs/workbench/workbench.main.js:1012:251
    at e.fire (file:///usr/lib/code-oss/resources/app/out/vs/workbench/workbench.main.js:81:312)
    at e.splice (file:///usr/lib/code-oss/resources/app/out/vs/workbench/workbench.main.js:90:602)
    at e.setChildren (file:///usr/lib/code-oss/resources/app/out/vs/workbench/workbench.main.js:97:769)
    at i.t.setChildren (file:///usr/lib/code-oss/resources/app/out/vs/workbench/workbench.main.js:1024:345)
    at t.refreshTree (file:///usr/lib/code-oss/resources/app/out/vs/workbench/workbench.main.js:5690:264)
    at t.refreshAndUpdateCount (file:///usr/lib/code-oss/resources/app/out/vs/workbench/workbench.main.js:5690:105)
    at t.onSearchResultsChanged (file:///usr/lib/code-oss/resources/app/out/vs/workbench/workbench.main.js:5689:743)
    at file:///usr/lib/code-oss/resources/app/out/vs/workbench/workbench.main.js:5685:766
    at e.fire (file:///usr/lib/code-oss/resources/app/out/vs/workbench/workbench.main.js:81:312)
    at file:///usr/lib/code-oss/resources/app/out/vs/workbench/workbench.main.js:4246:341
    at e.fire (file:///usr/lib/code-oss/resources/app/out/vs/workbench/workbench.main.js:81:312)
    at t.clear (file:///usr/lib/code-oss/resources/app/out/vs/workbench/workbench.main.js:4242:615)
    at file:///usr/lib/code-oss/resources/app/out/vs/workbench/workbench.main.js:4246:1003
    at Array.forEach (<anonymous>)
    at t.clear (file:///usr/lib/code-oss/resources/app/out/vs/workbench/workbench.main.js:4246:974)
    at t.search (file:///usr/lib/code-oss/resources/app/out/vs/workbench/workbench.main.js:4250:779)
    at t.doSearch (file:///usr/lib/code-oss/resources/app/out/vs/workbench/workbench.main.js:5707:479)
    at file:///usr/lib/code-oss/resources/app/out/vs/workbench/workbench.main.js:5705:139
[2019-03-12 11:19:36.658] [renderer1] [error] Tree element not found: [object Object]: Error: Tree element not found: [object Object]
    at e.getElementLocation (file:///usr/lib/code-oss/resources/app/out/vs/workbench/workbench.main.js:99:985)
    at e.getNode (file:///usr/lib/code-oss/resources/app/out/vs/workbench/workbench.main.js:99:628)
    at file:///usr/lib/code-oss/resources/app/out/vs/workbench/workbench.main.js:1018:286
    at Array.map (<anonymous>)
    at i.e.setSelection (file:///usr/lib/code-oss/resources/app/out/vs/workbench/workbench.main.js:1018:255)
    at t.onFocus (file:///usr/lib/code-oss/resources/app/out/vs/workbench/workbench.main.js:2410:277)
    at file:///usr/lib/code-oss/resources/app/out/vs/workbench/workbench.main.js:2410:105
    at file:///usr/lib/code-oss/resources/app/out/vs/workbench/workbench.main.js:83:730
    at file:///usr/lib/code-oss/resources/app/out/vs/workbench/workbench.main.js:83:899
    at Array.forEach (<anonymous>)
    at e.bufferEvents (file:///usr/lib/code-oss/resources/app/out/vs/workbench/workbench.main.js:83:872)
    at file:///usr/lib/code-oss/resources/app/out/vs/workbench/workbench.main.js:1012:251
    at e.fire (file:///usr/lib/code-oss/resources/app/out/vs/workbench/workbench.main.js:81:312)
    at e.splice (file:///usr/lib/code-oss/resources/app/out/vs/workbench/workbench.main.js:90:602)
    at e.setChildren (file:///usr/lib/code-oss/resources/app/out/vs/workbench/workbench.main.js:97:769)
    at i.t.setChildren (file:///usr/lib/code-oss/resources/app/out/vs/workbench/workbench.main.js:1024:345)
    at file:///usr/lib/code-oss/resources/app/out/vs/workbench/workbench.main.js:5690:476
    at Array.forEach (<anonymous>)
    at t.refreshTree (file:///usr/lib/code-oss/resources/app/out/vs/workbench/workbench.main.js:5690:322)
    at t.refreshAndUpdateCount (file:///usr/lib/code-oss/resources/app/out/vs/workbench/workbench.main.js:5690:105)
    at t.onSearchResultsChanged (file:///usr/lib/code-oss/resources/app/out/vs/workbench/workbench.main.js:5689:743)
    at file:///usr/lib/code-oss/resources/app/out/vs/workbench/workbench.main.js:5685:766
    at e.fire (file:///usr/lib/code-oss/resources/app/out/vs/workbench/workbench.main.js:81:312)
    at file:///usr/lib/code-oss/resources/app/out/vs/workbench/workbench.main.js:4246:341
    at e.fire (file:///usr/lib/code-oss/resources/app/out/vs/workbench/workbench.main.js:81:312)
    at t.onFileChange (file:///usr/lib/code-oss/resources/app/out/vs/workbench/workbench.main.js:4243:450)
    at file:///usr/lib/code-oss/resources/app/out/vs/workbench/workbench.main.js:4242:379
    at e.fire (file:///usr/lib/code-oss/resources/app/out/vs/workbench/workbench.main.js:81:312)
    at t.updateMatches (file:///usr/lib/code-oss/resources/app/out/vs/workbench/workbench.main.js:4238:531)
    at t.updatesMatchesForLineAfterReplace (file:///usr/lib/code-oss/resources/app/out/vs/workbench/workbench.main.js:4238:221)
    at file:///usr/lib/code-oss/resources/app/out/vs/workbench/workbench.main.js:4239:300
[2019-03-12 11:19:37.836] [renderer1] [error] Tree element not found: [object Object]: Error: Tree element not found: [object Object]
    at e.getElementLocation (file:///usr/lib/code-oss/resources/app/out/vs/workbench/workbench.main.js:99:985)
    at e.getNode (file:///usr/lib/code-oss/resources/app/out/vs/workbench/workbench.main.js:99:628)
    at file:///usr/lib/code-oss/resources/app/out/vs/workbench/workbench.main.js:1018:286
    at Array.map (<anonymous>)
    at i.e.setSelection (file:///usr/lib/code-oss/resources/app/out/vs/workbench/workbench.main.js:1018:255)
    at t.onFocus (file:///usr/lib/code-oss/resources/app/out/vs/workbench/workbench.main.js:2410:277)
    at file:///usr/lib/code-oss/resources/app/out/vs/workbench/workbench.main.js:2410:105
    at file:///usr/lib/code-oss/resources/app/out/vs/workbench/workbench.main.js:83:730
    at file:///usr/lib/code-oss/resources/app/out/vs/workbench/workbench.main.js:83:899
    at Array.forEach (<anonymous>)
    at e.bufferEvents (file:///usr/lib/code-oss/resources/app/out/vs/workbench/workbench.main.js:83:872)
    at file:///usr/lib/code-oss/resources/app/out/vs/workbench/workbench.main.js:1012:251
    at e.fire (file:///usr/lib/code-oss/resources/app/out/vs/workbench/workbench.main.js:81:312)
    at e.splice (file:///usr/lib/code-oss/resources/app/out/vs/workbench/workbench.main.js:90:602)
    at e.setChildren (file:///usr/lib/code-oss/resources/app/out/vs/workbench/workbench.main.js:97:769)
    at i.t.setChildren (file:///usr/lib/code-oss/resources/app/out/vs/workbench/workbench.main.js:1024:345)
    at file:///usr/lib/code-oss/resources/app/out/vs/workbench/workbench.main.js:5690:476
    at Array.forEach (<anonymous>)
    at t.refreshTree (file:///usr/lib/code-oss/resources/app/out/vs/workbench/workbench.main.js:5690:322)
    at t.refreshAndUpdateCount (file:///usr/lib/code-oss/resources/app/out/vs/workbench/workbench.main.js:5690:105)
    at t.onSearchResultsChanged (file:///usr/lib/code-oss/resources/app/out/vs/workbench/workbench.main.js:5689:743)
    at file:///usr/lib/code-oss/resources/app/out/vs/workbench/workbench.main.js:5685:766
    at e.fire (file:///usr/lib/code-oss/resources/app/out/vs/workbench/workbench.main.js:81:312)
    at file:///usr/lib/code-oss/resources/app/out/vs/workbench/workbench.main.js:4246:341
    at e.fire (file:///usr/lib/code-oss/resources/app/out/vs/workbench/workbench.main.js:81:312)
    at t.onFileChange (file:///usr/lib/code-oss/resources/app/out/vs/workbench/workbench.main.js:4243:450)
    at file:///usr/lib/code-oss/resources/app/out/vs/workbench/workbench.main.js:4242:379
    at e.fire (file:///usr/lib/code-oss/resources/app/out/vs/workbench/workbench.main.js:81:312)
    at t.updateMatches (file:///usr/lib/code-oss/resources/app/out/vs/workbench/workbench.main.js:4238:531)
    at t.updatesMatchesForLineAfterReplace (file:///usr/lib/code-oss/resources/app/out/vs/workbench/workbench.main.js:4238:221)
    at file:///usr/lib/code-oss/resources/app/out/vs/workbench/workbench.main.js:4239:300
[2019-03-12 11:19:38.150] [renderer1] [error] Tree element not found: [object Object]: Error: Tree element not found: [object Object]
    at e.getElementLocation (file:///usr/lib/code-oss/resources/app/out/vs/workbench/workbench.main.js:99:985)
    at e.getNode (file:///usr/lib/code-oss/resources/app/out/vs/workbench/workbench.main.js:99:628)
    at file:///usr/lib/code-oss/resources/app/out/vs/workbench/workbench.main.js:1018:286
    at Array.map (<anonymous>)
    at i.e.setSelection (file:///usr/lib/code-oss/resources/app/out/vs/workbench/workbench.main.js:1018:255)
    at t.onFocus (file:///usr/lib/code-oss/resources/app/out/vs/workbench/workbench.main.js:2410:277)
    at file:///usr/lib/code-oss/resources/app/out/vs/workbench/workbench.main.js:2410:105
    at file:///usr/lib/code-oss/resources/app/out/vs/workbench/workbench.main.js:83:730
    at file:///usr/lib/code-oss/resources/app/out/vs/workbench/workbench.main.js:83:899
    at Array.forEach (<anonymous>)
    at e.bufferEvents (file:///usr/lib/code-oss/resources/app/out/vs/workbench/workbench.main.js:83:872)
    at file:///usr/lib/code-oss/resources/app/out/vs/workbench/workbench.main.js:1012:251
    at e.fire (file:///usr/lib/code-oss/resources/app/out/vs/workbench/workbench.main.js:81:312)
    at e.splice (file:///usr/lib/code-oss/resources/app/out/vs/workbench/workbench.main.js:90:602)
    at e.setChildren (file:///usr/lib/code-oss/resources/app/out/vs/workbench/workbench.main.js:97:769)
    at i.t.setChildren (file:///usr/lib/code-oss/resources/app/out/vs/workbench/workbench.main.js:1024:345)
    at t.refreshTree (file:///usr/lib/code-oss/resources/app/out/vs/workbench/workbench.main.js:5690:264)
    at file:///usr/lib/code-oss/resources/app/out/vs/workbench/workbench.main.js:5688:779
    at e.fire (file:///usr/lib/code-oss/resources/app/out/vs/workbench/workbench.main.js:81:312)
    at t.updateReplaceActiveState (file:///usr/lib/code-oss/resources/app/out/vs/workbench/workbench.main.js:5313:407)
    at t.setReplaceAllActionState (file:///usr/lib/code-oss/resources/app/out/vs/workbench/workbench.main.js:5313:185)
    at t.refreshAndUpdateCount (file:///usr/lib/code-oss/resources/app/out/vs/workbench/workbench.main.js:5689:867)
    at t.onSearchResultsChanged (file:///usr/lib/code-oss/resources/app/out/vs/workbench/workbench.main.js:5689:743)
    at file:///usr/lib/code-oss/resources/app/out/vs/workbench/workbench.main.js:5685:766
    at e.fire (file:///usr/lib/code-oss/resources/app/out/vs/workbench/workbench.main.js:81:312)
    at file:///usr/lib/code-oss/resources/app/out/vs/workbench/workbench.main.js:4246:341
    at e.fire (file:///usr/lib/code-oss/resources/app/out/vs/workbench/workbench.main.js:81:312)
    at t.onFileChange (file:///usr/lib/code-oss/resources/app/out/vs/workbench/workbench.main.js:4243:450)
    at file:///usr/lib/code-oss/resources/app/out/vs/workbench/workbench.main.js:4242:379
    at e.fire (file:///usr/lib/code-oss/resources/app/out/vs/workbench/workbench.main.js:81:312)
    at t.updateMatches (file:///usr/lib/code-oss/resources/app/out/vs/workbench/workbench.main.js:4238:531)
    at t.updatesMatchesForLineAfterReplace (file:///usr/lib/code-oss/resources/app/out/vs/workbench/workbench.main.js:4238:221)
    at file:///usr/lib/code-oss/resources/app/out/vs/workbench/workbench.main.js:4239:300
[2019-03-12 11:19:56.717] [renderer1] [error] Tree element not found: [object Object]: Error: Tree element not found: [object Object]
    at e.getElementLocation (file:///usr/lib/code-oss/resources/app/out/vs/workbench/workbench.main.js:99:985)
    at e.getNode (file:///usr/lib/code-oss/resources/app/out/vs/workbench/workbench.main.js:99:628)
    at file:///usr/lib/code-oss/resources/app/out/vs/workbench/workbench.main.js:1018:286
    at Array.map (<anonymous>)
    at i.e.setSelection (file:///usr/lib/code-oss/resources/app/out/vs/workbench/workbench.main.js:1018:255)
    at t.onFocus (file:///usr/lib/code-oss/resources/app/out/vs/workbench/workbench.main.js:2410:277)
    at file:///usr/lib/code-oss/resources/app/out/vs/workbench/workbench.main.js:2410:105
    at file:///usr/lib/code-oss/resources/app/out/vs/workbench/workbench.main.js:83:730
    at file:///usr/lib/code-oss/resources/app/out/vs/workbench/workbench.main.js:83:899
    at Array.forEach (<anonymous>)
    at e.bufferEvents (file:///usr/lib/code-oss/resources/app/out/vs/workbench/workbench.main.js:83:872)
    at file:///usr/lib/code-oss/resources/app/out/vs/workbench/workbench.main.js:1012:251
    at e.fire (file:///usr/lib/code-oss/resources/app/out/vs/workbench/workbench.main.js:81:312)
    at e.splice (file:///usr/lib/code-oss/resources/app/out/vs/workbench/workbench.main.js:90:602)
    at e.setChildren (file:///usr/lib/code-oss/resources/app/out/vs/workbench/workbench.main.js:97:769)
    at i.t.setChildren (file:///usr/lib/code-oss/resources/app/out/vs/workbench/workbench.main.js:1024:345)
    at t.refreshTree (file:///usr/lib/code-oss/resources/app/out/vs/workbench/workbench.main.js:5690:264)
    at file:///usr/lib/code-oss/resources/app/out/vs/workbench/workbench.main.js:5688:779
    at e.fire (file:///usr/lib/code-oss/resources/app/out/vs/workbench/workbench.main.js:81:312)
    at t.updateReplaceActiveState (file:///usr/lib/code-oss/resources/app/out/vs/workbench/workbench.main.js:5313:407)
    at t.setReplaceAllActionState (file:///usr/lib/code-oss/resources/app/out/vs/workbench/workbench.main.js:5313:185)
    at t.refreshAndUpdateCount (file:///usr/lib/code-oss/resources/app/out/vs/workbench/workbench.main.js:5689:867)
    at t.onSearchResultsChanged (file:///usr/lib/code-oss/resources/app/out/vs/workbench/workbench.main.js:5689:743)
    at file:///usr/lib/code-oss/resources/app/out/vs/workbench/workbench.main.js:5685:766
    at e.fire (file:///usr/lib/code-oss/resources/app/out/vs/workbench/workbench.main.js:81:312)
    at file:///usr/lib/code-oss/resources/app/out/vs/workbench/workbench.main.js:4246:341
    at e.fire (file:///usr/lib/code-oss/resources/app/out/vs/workbench/workbench.main.js:81:312)
    at t.doRemove (file:///usr/lib/code-oss/resources/app/out/vs/workbench/workbench.main.js:4243:849)
    at file:///usr/lib/code-oss/resources/app/out/vs/workbench/workbench.main.js:4242:796
