[2019-03-12 10:29:46.309] [exthost] [info] extension host started
[2019-03-12 10:29:46.343] [exthost] [info] ExtensionService#_doActivateExtension vscode.debug-auto-launch {"startup":true,"activationEvent":"*"}
[2019-03-12 10:29:46.343] [exthost] [info] ExtensionService#loadCommonJSModule /usr/lib/code-oss/resources/app/extensions/debug-auto-launch/dist/extension
[2019-03-12 10:29:46.351] [exthost] [info] ExtensionService#_doActivateExtension vscode.emmet {"startup":true,"activationEvent":"*"}
[2019-03-12 10:29:46.351] [exthost] [info] ExtensionService#loadCommonJSModule /usr/lib/code-oss/resources/app/extensions/emmet/dist/extension
[2019-03-12 10:29:46.379] [exthost] [info] ExtensionService#_doActivateExtension vscode.git {"startup":true,"activationEvent":"*"}
[2019-03-12 10:29:46.379] [exthost] [info] ExtensionService#loadCommonJSModule /usr/lib/code-oss/resources/app/extensions/git/dist/main
[2019-03-12 10:29:46.547] [exthost] [info] ExtensionService#_doActivateExtension vscode.merge-conflict {"startup":true,"activationEvent":"*"}
[2019-03-12 10:29:46.547] [exthost] [info] ExtensionService#loadCommonJSModule /usr/lib/code-oss/resources/app/extensions/merge-conflict/dist/extension
[2019-03-12 10:29:46.562] [exthost] [info] ExtensionService#_doActivateExtension vscodevim.vim {"startup":true,"activationEvent":"*"}
[2019-03-12 10:29:46.562] [exthost] [info] ExtensionService#loadCommonJSModule /home/gonz/.vscode-oss/extensions/vscodevim.vim-1.1.0/out/extension
[2019-03-12 10:29:47.334] [exthost] [info] ExtensionService#_doActivateExtension vscode.html-language-features {"startup":false,"activationEvent":"onLanguage:html"}
[2019-03-12 10:29:47.334] [exthost] [info] ExtensionService#loadCommonJSModule /usr/lib/code-oss/resources/app/extensions/html-language-features/client/dist/htmlMain
[2019-03-12 10:29:47.418] [exthost] [info] eager extensions activated
[2019-03-12 10:29:47.590] [exthost] [info] ExtensionService#_doActivateExtension vscode.configuration-editing {"startup":false,"activationEvent":"onLanguage:jsonc"}
[2019-03-12 10:29:47.590] [exthost] [info] ExtensionService#loadCommonJSModule /usr/lib/code-oss/resources/app/extensions/configuration-editing/dist/extension
[2019-03-12 10:29:47.600] [exthost] [info] ExtensionService#_doActivateExtension vscode.json-language-features {"startup":false,"activationEvent":"onLanguage:jsonc"}
[2019-03-12 10:29:47.600] [exthost] [info] ExtensionService#loadCommonJSModule /usr/lib/code-oss/resources/app/extensions/json-language-features/client/dist/jsonMain
[2019-03-12 10:29:47.712] [exthost] [info] ExtensionService#_doActivateExtension vscode.typescript-language-features {"startup":false,"activationEvent":"onLanguage:jsonc"}
[2019-03-12 10:29:47.712] [exthost] [info] ExtensionService#loadCommonJSModule /usr/lib/code-oss/resources/app/extensions/typescript-language-features/dist/extension
[2019-03-12 10:40:24.822] [exthost] [info] ExtensionService#_doActivateExtension vscode.css-language-features {"startup":false,"activationEvent":"onLanguage:css"}
[2019-03-12 10:40:24.822] [exthost] [info] ExtensionService#loadCommonJSModule /usr/lib/code-oss/resources/app/extensions/css-language-features/client/dist/cssMain
[2019-03-12 10:40:53.533] [exthost] [info] ExtensionService#_doActivateExtension mrmlnc.vscode-scss {"startup":false,"activationEvent":"onLanguage:scss"}
[2019-03-12 10:40:53.533] [exthost] [info] ExtensionService#loadCommonJSModule /home/gonz/.vscode-oss/extensions/mrmlnc.vscode-scss-0.6.2/out/client.js
